[2022-05-06T03:06:10+0200][Process] "Information" - D:\Documents\Projets\tinky-winkey\winkey.exe
[2022-05-06T03:06:10+0200][Warning] AttachThreadInput failed on this process with code: 87
[2022-05-06T03:06:10+0200][Process] "KeyboardInputLog.hpp - tinky-winkey - Visual Studio Code" - C:\Program Files\Microsoft VS Code\Code.exe
[2022-05-06T03:06:12+0200][Process] "GitHub - repeats/Repeat: Cross-platform mouse/keyboard record/replay and automation hotkeys/macros creation, and more advanced automation features. - Google Chrome" - C:\Program Files (x86)\Google\Chrome\Application\chrome.exe
[2022-05-06T03:06:32+0200][Process] "KeyboardInputLog.hpp - tinky-winkey - Visual Studio Code" - C:\Program Files\Microsoft VS Code\Code.exe
[2022-05-06T03:06:43+0200][Process] "[FREE] Dark Techno / Cyberpunk / Industrial Type Beat 'ENFORCER' | Background Music - YouTube - Google Chrome" - C:\Program Files (x86)\Google\Chrome\Application\chrome.exe
[2022-05-06T03:07:03+0200][Input] (MAJ DROITE) "ürunundur" (ENTREE) 
[2022-05-06T03:07:13+0200][Process] "keylog.log - tinky-winkey - Visual Studio Code" - C:\Program Files\Microsoft VS Code\Code.exe
[2022-05-06T03:07:27+0200][Process] "ürünündür - traduction en français - traduire.online - Google Chrome" - C:\Program Files (x86)\Google\Chrome\Application\chrome.exe
[2022-05-06T03:07:31+0200][Process] "keylog.log - tinky-winkey - Visual Studio Code" - C:\Program Files\Microsoft VS Code\Code.exe
[2022-05-06T03:07:45+0200][Process] "ürünündür - traduction en français - traduire.online - Google Chrome" - C:\Program Files (x86)\Google\Chrome\Application\chrome.exe
[2022-05-06T03:07:55+0200][Process] "keylog.log - tinky-winkey - Visual Studio Code" - C:\Program Files\Microsoft VS Code\Code.exe
[2022-05-06T03:07:59+0200][Process] "Soso Maness - Sur la tête de mon ex (Audio) - YouTube - Google Chrome" - C:\Program Files (x86)\Google\Chrome\Application\chrome.exe
[2022-05-06T03:08:01+0200][Process] "keylog.log - tinky-winkey - Visual Studio Code" - C:\Program Files\Microsoft VS Code\Code.exe
[2022-05-06T03:08:43+0200][Process] "Soso Maness - Sur la tête de mon ex (Audio) - YouTube - Google Chrome" - C:\Program Files (x86)\Google\Chrome\Application\chrome.exe
[2022-05-06T03:09:28+0200][Input] "chess" (ENTREE) "drg17sarr11" (ENTREE) (RET.ARR) (6 (PAVE NUM.))*15 (4 (PAVE NUM.)) 
[2022-05-06T03:25:15+0200][Input] (6 (PAVE NUM.))*5 (4 (PAVE NUM.))*6 (6 (PAVE NUM.))*20 (4 (PAVE NUM.))*2 (6 (PAVE NUM.)) 
[2022-05-06T03:25:49+0200][Input] (6 (PAVE NUM.))*2 (4 (PAVE NUM.))*11 (6 (PAVE NUM.)) (4 (PAVE NUM.)) (6 (PAVE NUM.)) 
[2022-05-06T03:32:10+0200][Input] (6 (PAVE NUM.))*2 (4 (PAVE NUM.))*7 (6 (PAVE NUM.)) (4 (PAVE NUM.)) (6 (PAVE NUM.)) 
[2022-05-06T03:33:01+0200][Input] (6 (PAVE NUM.))*27 (4 (PAVE NUM.)) (6 (PAVE NUM.))*10 (4 (PAVE NUM.)) (6 (PAVE NUM.)) 
[2022-05-06T03:34:59+0200][Input] (6 (PAVE NUM.))*22 (MAJ) "Hi " (RET.ARR) (ENTREE) (MAJ)*2 "Wow" (RET.ARR)*4 (MAJ) "Your strong " 
[2022-05-06T03:35:53+0200][Input] "!" (ENTREE) (4 (PAVE NUM.))*130 (6 (PAVE NUM.))*41 (4 (PAVE NUM.))*67 (6 (PAVE NUM.))*58 (4 (PAVE NUM.)) 
[2022-05-06T04:17:36+0200][Input] (6 (PAVE NUM.))*3 (4 (PAVE NUM.)) (6 (PAVE NUM.))*7 (4 (PAVE NUM.))*20 (6 (PAVE NUM.)) 
[2022-05-06T04:19:11+0200][Input] (6 (PAVE NUM.))*11 (4 (PAVE NUM.))*2 (6 (PAVE NUM.))*11 (4 (PAVE NUM.))*2 (6 (PAVE NUM.)) 
[2022-05-06T04:19:33+0200][Input] (6 (PAVE NUM.))*5 (4 (PAVE NUM.))*3 (6 (PAVE NUM.)) (4 (PAVE NUM.)) (6 (PAVE NUM.)) 
[2022-05-06T04:19:41+0200][Input] (6 (PAVE NUM.))*10 (4 (PAVE NUM.)) (6 (PAVE NUM.))*3 (4 (PAVE NUM.))*67 (6 (PAVE NUM.)) 
[2022-05-06T04:34:10+0200][Input] (6 (PAVE NUM.))*48 (4 (PAVE NUM.))*3 (6 (PAVE NUM.))*9 (4 (PAVE NUM.))*85 (CTRL) (C) "lic" 
[2022-05-06T04:36:07+0200][Input] "h" (ENTREE) (CTRL) (V) (4 (PAVE NUM.))*67 
[2022-05-06T04:36:19+0200][Process] "lichess.org souhaite" - C:\Program Files (x86)\Google\Chrome\Application\chrome.exe
[2022-05-06T04:36:21+0200][Process] "Échiquier d'analyse • lichess.org - Google Chrome" - C:\Program Files (x86)\Google\Chrome\Application\chrome.exe
[2022-05-06T04:36:22+0200][Input] (6 (PAVE NUM.))*19 (4 (PAVE NUM.))*44 (6 (PAVE NUM.))*29 (4 (PAVE NUM.)) (6 (PAVE NUM.)) 
[2022-05-06T04:37:25+0200][Input] (6 (PAVE NUM.))*13 (4 (PAVE NUM.))*14 (6 (PAVE NUM.))*2 (4 (PAVE NUM.)) (6 (PAVE NUM.)) 
[2022-05-06T04:38:02+0200][Input] (6 (PAVE NUM.))*2 (4 (PAVE NUM.)) (6 (PAVE NUM.))*9 (4 (PAVE NUM.))*12 
[2022-05-06T04:38:30+0200][Process] "lichess.org souhaite" - C:\Program Files (x86)\Google\Chrome\Application\chrome.exe
[2022-05-06T04:38:30+0200][Process] "Soso Maness - Sur la tête de mon ex (Audio) - YouTube - Google Chrome" - C:\Program Files (x86)\Google\Chrome\Application\chrome.exe
[2022-05-06T04:38:30+0200][Input] (4 (PAVE NUM.))*5 
[2022-05-06T04:38:32+0200][Process] "lichess.org souhaite" - C:\Program Files (x86)\Google\Chrome\Application\chrome.exe
[2022-05-06T04:38:32+0200][Process] "Échiquier d'analyse • lichess.org - Google Chrome" - C:\Program Files (x86)\Google\Chrome\Application\chrome.exe
[2022-05-06T04:46:16+0200][Input] (MAJ) "Missclick" (ENTREE) (MAJ) "Come on" (ENTREE) "thank " (RET.ARR) "s" (ENTREE) "b4 " (MAJ) 
[2022-05-06T05:05:17+0200][Input] "?" (RET.ARR) "is not working " (MAJ) "?" (ENTREE) (4 (PAVE NUM.))*3 (6 (PAVE NUM.))*3 "g" 
[2022-05-06T05:23:36+0200][Input] "g" (ENTREE) (4 (PAVE NUM.))*74 (6 (PAVE NUM.))*14 (4 (PAVE NUM.))*5 (6 (PAVE NUM.))*19 (4 (PAVE NUM.)) 
[2022-05-06T05:36:30+0200][Input] (4 (PAVE NUM.))*13 (6 (PAVE NUM.))*11 (4 (PAVE NUM.))*7 (CTRL) (C) (CTRL) (V) (4 (PAVE NUM.)) 
[2022-05-06T05:36:59+0200][Input] (4 (PAVE NUM.))*71 (6 (PAVE NUM.))*18 (4 (PAVE NUM.)) (6 (PAVE NUM.))*3 (4 (PAVE NUM.)) 
[2022-05-06T05:37:21+0200][Input] (6 (PAVE NUM.))*8 (4 (PAVE NUM.)) (6 (PAVE NUM.))*29 (4 (PAVE NUM.))*23 (6 (PAVE NUM.)) 
[2022-05-06T05:38:18+0200][Input] (6 (PAVE NUM.))*9 (4 (PAVE NUM.)) (6 (PAVE NUM.))*4 (4 (PAVE NUM.)) (6 (PAVE NUM.)) 
[2022-05-06T05:38:29+0200][Input] (4 (PAVE NUM.))*6 (6 (PAVE NUM.))*3 (4 (PAVE NUM.))*74 (6 (PAVE NUM.))*61 (4 (PAVE NUM.)) 
[2022-05-06T05:39:09+0200][Input] (4 (PAVE NUM.)) (6 (PAVE NUM.)) (4 (PAVE NUM.))*35 (6 (PAVE NUM.))*23 (4 (PAVE NUM.)) 
[2022-05-06T05:39:37+0200][Input] (4 (PAVE NUM.))*4 (6 (PAVE NUM.))*15 (4 (PAVE NUM.))*7 (6 (PAVE NUM.)) (4 (PAVE NUM.)) 
[2022-05-06T05:40:17+0200][Input] (4 (PAVE NUM.))*105 (6 (PAVE NUM.))*61 (4 (PAVE NUM.))*2 (6 (PAVE NUM.)) (4 (PAVE NUM.)) 
[2022-05-06T05:42:47+0200][Input] (4 (PAVE NUM.))*16 "///" (4 (PAVE NUM.))*20 (6 (PAVE NUM.)) (4 (PAVE NUM.))*102 (6 (PAVE NUM.)) 
[2022-05-06T05:45:52+0200][Input] (6 (PAVE NUM.))*18 (4 (PAVE NUM.))*15 (6 (PAVE NUM.))*4 (4 (PAVE NUM.))*3 (6 (PAVE NUM.)) 
[2022-05-06T05:47:03+0200][Input] (4 (PAVE NUM.))*40 (6 (PAVE NUM.))*28 (4 (PAVE NUM.))*2 (6 (PAVE NUM.)) (4 (PAVE NUM.)) 
[2022-05-06T05:47:26+0200][Input] (6 (PAVE NUM.)) (4 (PAVE NUM.))*10 (6 (PAVE NUM.)) (4 (PAVE NUM.))*27 (6 (PAVE NUM.)) 
[2022-05-06T05:51:19+0200][Input] (6 (PAVE NUM.))*6 (4 (PAVE NUM.))*5 (6 (PAVE NUM.))*12 (4 (PAVE NUM.))*76 (6 (PAVE NUM.)) 
[2022-05-06T05:51:30+0200][Input] (6 (PAVE NUM.))*23 (4 (PAVE NUM.))*6 (6 (PAVE NUM.))*2 (4 (PAVE NUM.))*14 (6 (PAVE NUM.)) 
[2022-05-06T05:52:06+0200][Input] (6 (PAVE NUM.))*59 (ECHAP) "twitter.com" (ENTREE) "nitter" (ENTREE) (MAJ) "Donald " (MAJ) 
[2022-05-06T06:31:06+0200][Input] "Trump" (ENTREE) (MAJ) "Donald" (ENTREE) (RET.ARR) (ENTREE) 
[2022-05-06T06:55:13+0200][Process] C:\Windows\explorer.exe
[2022-05-06T06:55:15+0200][Process] "Recherche" - C:\Windows\SystemApps\MicrosoftWindows.Client.CBS_cw5n1h2txyewy\SearchHost.exe
[2022-05-06T06:55:15+0200][Warning] AttachThreadInput failed on this process with code: 5
[2022-05-06T06:55:16+0200][Process] "Accueil" - C:\Windows\SystemApps\Microsoft.Windows.StartMenuExperienceHost_cw5n1h2txyewy\StartMenuExperienceHost.exe
[2022-05-06T06:55:16+0200][Warning] AttachThreadInput failed on this process with code: 5
[2022-05-06T06:55:16+0200][Process] "Recherche" - C:\Windows\SystemApps\MicrosoftWindows.Client.CBS_cw5n1h2txyewy\SearchHost.exe
[2022-05-06T06:55:16+0200][Warning] AttachThreadInput failed on this process with code: 5
[2022-05-06T06:55:18+0200][Process] "Accueil" - C:\Windows\SystemApps\Microsoft.Windows.StartMenuExperienceHost_cw5n1h2txyewy\StartMenuExperienceHost.exe
[2022-05-06T06:55:18+0200][Warning] AttachThreadInput failed on this process with code: 5
[2022-05-06T23:45:43+0200][Status] Starting winkey process
[2022-05-06T23:45:43+0200][Process] "Information" - D:\Documents\Projets\tinky-winkey\winkey.exe
[2022-05-06T23:45:43+0200][Warning] AttachThreadInput failed on this process with code: 87
[2022-05-06T23:45:46+0200][Process] "winkey.cpp - tinky-winkey - Visual Studio Code" - C:\Program Files\Microsoft VS Code\Code.exe
[2022-05-06T23:45:46+0200][Input] (MAJ) "Sault les lpaings !!!!!!!!!!!!!!!!!!! (et les laping" (RET.ARR) 
[2022-05-06T23:46:03+0200][Input] "es) :) " 
[2022-05-06T23:52:09+0200][Process] "filestream - How to append text to a text file in C++? - Stack Overflow - Google Chrome" - C:\Program Files (x86)\Google\Chrome\Application\chrome.exe
[2022-05-06T23:52:11+0200][Input] (MAJ) "Service start program" (ENTREE) " cpp" (RET.ARR) (ENTREE) " windows" (ENTREE) 
[2022-05-06T23:53:46+0200][Input] "service impersonate system token" (ENTREE) "s" (RET.ARR)*2 "intr" 
[2022-05-07T00:05:33+0200][Process] "keylog.log - tinky-winkey - Visual Studio Code" - C:\Program Files\Microsoft VS Code\Code.exe
[2022-05-07T00:06:06+0200][Input] (MAJ) "T " 
[2022-05-07T00:06:09+0200][Process] "Information" - D:\Documents\Projets\tinky-winkey\winkey.exe
[2022-05-07T00:06:09+0200][Warning] AttachThreadInput failed on this process with code: 87
[2022-05-07T00:06:09+0200][Process] "keylog.log - tinky-winkey - Visual Studio Code" - C:\Program Files\Microsoft VS Code\Code.exe
[2022-05-07T00:06:13+0200][Input] " " 
[2022-05-07T00:06:14+0200][Process] "Information" - D:\Documents\Projets\tinky-winkey\winkey.exe
[2022-05-07T00:06:14+0200][Warning] AttachThreadInput failed on this process with code: 87
[2022-05-07T00:06:14+0200][Process] "keylog.log - tinky-winkey - Visual Studio Code" - C:\Program Files\Microsoft VS Code\Code.exe
[2022-05-07T00:06:28+0200][Process] "en.subject.pdf - Google Chrome" - C:\Program Files (x86)\Google\Chrome\Application\chrome.exe
[2022-05-07T00:40:56+0200][Input] "po" 
[2022-05-07T00:40:57+0200][Process] C:\Windows\explorer.exe
[2022-05-07T00:40:57+0200][Process] "Windows PowerShell" - C:\Windows\System32\WindowsPowerShell\v1.0\powershell.exe
[2022-05-07T00:40:57+0200][Warning] AttachThreadInput failed on this process with code: 87
[2022-05-07T00:40:57+0200][Process] "Recherche" - C:\Windows\SystemApps\MicrosoftWindows.Client.CBS_cw5n1h2txyewy\SearchHost.exe
[2022-05-07T00:40:57+0200][Warning] AttachThreadInput failed on this process with code: 5
[2022-05-07T00:40:58+0200][Input] "whoami" (ENTREE) (8 (PAVE NUM.)) " /priv" (ENTREE) 
[2022-05-07T00:41:14+0200][Process] "Windows Privilege Escalation - Token Impersonation - StefLan's Security Blog - Google Chrome" - C:\Program Files (x86)\Google\Chrome\Application\chrome.exe
[2022-05-07T00:48:40+0200][Input] (MAJ) "Juciy " (MAJ) "Potatio" (RET.ARR)*2 "o ou" (RET.ARR)*2 "source" (ENTREE) 
[2022-05-07T00:50:22+0200][Process] C:\Windows\explorer.exe
[2022-05-07T00:50:25+0200][Process] C:\Windows\explorer.exe
[2022-05-07T00:50:26+0200][Process] "Téléchargements - Google Chrome" - C:\Program Files (x86)\Google\Chrome\Application\chrome.exe
[2022-05-07T00:56:18+0200][Process] C:\Windows\explorer.exe
[2022-05-07T00:56:18+0200][Process] C:\Windows\explorer.exe
[2022-05-07T00:56:21+0200][Process] C:\Windows\explorer.exe
[2022-05-07T00:56:22+0200][Input] "defe" 
[2022-05-07T00:56:25+0200][Process] C:\Windows\explorer.exe
[2022-05-07T00:56:26+0200][Process] "Explorateur de fichiers" - C:\Windows\explorer.exe
[2022-05-07T00:56:26+0200][Process] "Recherche" - C:\Windows\SystemApps\MicrosoftWindows.Client.CBS_cw5n1h2txyewy\SearchHost.exe
[2022-05-07T00:56:26+0200][Warning] AttachThreadInput failed on this process with code: 5
[2022-05-07T00:56:42+0200][Process] C:\Windows\explorer.exe
[2022-05-07T00:56:43+0200][Input] "defe" 
[2022-05-07T00:56:48+0200][Process] "Sécurité Windows" - C:\Windows\System32\ApplicationFrameHost.exe
[2022-05-07T00:56:48+0200][Warning] AttachThreadInput failed on this process with code: 5
[2022-05-07T00:56:48+0200][Process] "Recherche" - C:\Windows\SystemApps\MicrosoftWindows.Client.CBS_cw5n1h2txyewy\SearchHost.exe
[2022-05-07T00:56:48+0200][Warning] AttachThreadInput failed on this process with code: 5
[2022-05-07T00:57:11+0200][Process] "Résoudre les problèmes de téléchargement de fichier - Aide Google Chrome - Google Chrome" - C:\Program Files (x86)\Google\Chrome\Application\chrome.exe
[2022-05-07T01:03:10+0200][Process] "Sécurité Windows" - C:\Windows\System32\ApplicationFrameHost.exe
[2022-05-07T01:03:10+0200][Warning] AttachThreadInput failed on this process with code: 5
[2022-05-07T01:03:15+0200][Process] "juicy-potato/JuicyPotato.cpp at master · ohpe/juicy-potato · GitHub - Google Chrome" - C:\Program Files (x86)\Google\Chrome\Application\chrome.exe
[2022-05-07T01:03:16+0200][Input] "disable windows defen" (ENTREE) 
[2022-05-07T01:05:52+0200][Process] C:\Windows\explorer.exe
[2022-05-07T01:05:54+0200][Process] "Turn off Defender antivirus protection in Windows Security - Google Chrome" - C:\Program Files (x86)\Google\Chrome\Application\chrome.exe
[2022-05-07T01:05:55+0200][Process] C:\Windows\explorer.exe
[2022-05-07T01:05:55+0200][Process] "Recherche" - C:\Windows\SystemApps\MicrosoftWindows.Client.CBS_cw5n1h2txyewy\SearchHost.exe
[2022-05-07T01:05:55+0200][Warning] AttachThreadInput failed on this process with code: 5
[2022-05-07T01:05:56+0200][Input] (MAJ) "winsows" (RET.ARR)*4 "dows " (MAJ) "security" 
[2022-05-07T01:06:05+0200][Process] "Turn off Defender antivirus protection in Windows Security - Google Chrome" - C:\Program Files (x86)\Google\Chrome\Application\chrome.exe
[2022-05-07T01:06:06+0200][Process] "Sécurité Windows" - C:\Windows\System32\ApplicationFrameHost.exe
[2022-05-07T01:06:06+0200][Warning] AttachThreadInput failed on this process with code: 5
[2022-05-07T01:06:08+0200][Process] "Turn off Defender antivirus protection in Windows Security - Google Chrome" - C:\Program Files (x86)\Google\Chrome\Application\chrome.exe
[2022-05-07T01:06:10+0200][Process] "Sécurité Windows" - C:\Windows\System32\ApplicationFrameHost.exe
[2022-05-07T01:06:10+0200][Warning] AttachThreadInput failed on this process with code: 5
[2022-05-07T01:06:16+0200][Process] "Turn off Defender antivirus protection in Windows Security - Google Chrome" - C:\Program Files (x86)\Google\Chrome\Application\chrome.exe
[2022-05-07T01:06:18+0200][Process] "Sécurité Windows" - C:\Windows\System32\ApplicationFrameHost.exe
[2022-05-07T01:06:18+0200][Warning] AttachThreadInput failed on this process with code: 5
[2022-05-07T01:06:41+0200][Process] "Turn off Defender antivirus protection in Windows Security - Google Chrome" - C:\Program Files (x86)\Google\Chrome\Application\chrome.exe
[2022-05-07T01:06:47+0200][Input] (CTRL) (H) (CTRL) (J) 
[2022-05-07T01:07:02+0200][Process] "Nouvelle notification" - C:\Windows\SystemApps\ShellExperienceHost_cw5n1h2txyewy\ShellExperienceHost.exe
[2022-05-07T01:07:02+0200][Warning] AttachThreadInput failed on this process with code: 5
[2022-05-07T01:07:04+0200][Process] "Sécurité Windows" - C:\Windows\System32\ApplicationFrameHost.exe
[2022-05-07T01:07:04+0200][Warning] AttachThreadInput failed on this process with code: 5
[2022-05-07T01:07:34+0200][Process] "Sécurité Windows" - C:\Windows\System32\ApplicationFrameHost.exe
[2022-05-07T01:07:34+0200][Warning] AttachThreadInput failed on this process with code: 5
[2022-05-07T01:08:43+0200][Process] "Téléchargements - Google Chrome" - C:\Program Files (x86)\Google\Chrome\Application\chrome.exe
[2022-05-07T01:09:21+0200][Process] "Sécurité Windows" - C:\Windows\System32\ApplicationFrameHost.exe
[2022-05-07T01:09:21+0200][Warning] AttachThreadInput failed on this process with code: 5
[2022-05-07T01:09:26+0200][Process] "Sécurité Windows" - C:\Windows\System32\ApplicationFrameHost.exe
[2022-05-07T01:09:26+0200][Warning] AttachThreadInput failed on this process with code: 5
[2022-05-07T01:09:34+0200][Process] "Turn off Defender antivirus protection in Windows Security - Google Chrome" - C:\Program Files (x86)\Google\Chrome\Application\chrome.exe
[2022-05-07T01:09:35+0200][Input] (CTRL)*15 (J) 
[2022-05-07T01:09:40+0200][Process] "Sécurité Windows" - C:\Windows\System32\ApplicationFrameHost.exe
[2022-05-07T01:09:40+0200][Warning] AttachThreadInput failed on this process with code: 5
[2022-05-07T01:09:42+0200][Process] "Sans titre - Google Chrome" - C:\Program Files (x86)\Google\Chrome\Application\chrome.exe
[2022-05-07T01:09:44+0200][Process] "Sécurité Windows" - C:\Windows\System32\ApplicationFrameHost.exe
[2022-05-07T01:09:44+0200][Warning] AttachThreadInput failed on this process with code: 5
[2022-05-07T01:09:54+0200][Process] C:\Windows\explorer.exe
[2022-05-07T01:09:58+0200][Process] "Explorateur de fichiers" - C:\Windows\explorer.exe
[2022-05-07T01:13:16+0200][Input] (CTRL) (F) (MAJ) "Juicy" (RET.ARR)*5 (MAJ) "Juicy" (MAJ) "Potato" (ENTREE) 
[2022-05-07T01:13:38+0200][Process] "Sécurité Windows" - C:\Windows\System32\ApplicationFrameHost.exe
[2022-05-07T01:13:38+0200][Warning] AttachThreadInput failed on this process with code: 5
[2022-05-07T01:13:38+0200][Process] "Téléchargements" - C:\Windows\explorer.exe
[2022-05-07T01:13:51+0200][Process] "Sécurité Windows" - C:\Windows\System32\ApplicationFrameHost.exe
[2022-05-07T01:13:51+0200][Warning] AttachThreadInput failed on this process with code: 5
[2022-05-07T01:13:51+0200][Process] "Sans titre - Google Chrome" - C:\Program Files (x86)\Google\Chrome\Application\chrome.exe
[2022-05-07T01:13:53+0200][Process] "Sécurité Windows" - C:\Windows\System32\ApplicationFrameHost.exe
[2022-05-07T01:13:53+0200][Warning] AttachThreadInput failed on this process with code: 5
[2022-05-07T01:14:16+0200][Process] "Téléchargements" - C:\Windows\explorer.exe
[2022-05-07T01:14:18+0200][Input] (CTRL) (V) (RET.ARR)*2 (ENTREE) (CTRL) (V) (ENTREE) 
[2022-05-07T01:14:27+0200][Process] "Explorateur de fichiers" - C:\Windows\explorer.exe
[2022-05-07T01:14:27+0200][Input] (ENTREE) 
[2022-05-07T01:14:27+0200][Process] "Téléchargements" - C:\Windows\explorer.exe
[2022-05-07T21:45:39+0200][Status] Starting winkey process
[2022-05-07T21:45:39+0200][Process] "Information" - D:\Documents\Projets\tinky-winkey\winkey.exe
[2022-05-07T21:45:39+0200][Warning] AttachThreadInput failed on this process with code: 87
[2022-05-07T21:45:44+0200][Status] Ending winkey process
[2022-05-08T01:55:15+0200][Status] Starting winkey process
[2022-05-08T01:55:15+0200][Process] "Information" - D:\Documents\Projets\tinky-winkey\winkey.exe
[2022-05-08T01:55:15+0200][Warning] AttachThreadInput failed on this process with code: 87
[2022-05-08T02:02:40+0200][Status] Starting winkey process
[2022-05-08T02:02:40+0200][Process] "Information" - D:\Documents\Projets\tinky-winkey\winkey.exe
[2022-05-08T02:02:40+0200][Warning] AttachThreadInput failed on this process with code: 87
[2022-05-08T02:15:28+0200][Process] "C:\Program Files (x86)\Microsoft Visual Studio\Installer\resources\app\ServiceHub\Services\Microsoft.VisualStudio.Setup.Service\VSIXAutoUpdate.exe" - C:\Program Files (x86)\Microsoft Visual Studio\Installer\resources\app\ServiceHub\Services\Microsoft.VisualStudio.Setup.Service\VSIXAutoUpdate.exe
[2022-05-08T02:15:28+0200][Warning] AttachThreadInput failed on this process with code: 87
[2022-05-08T02:22:50+0200][Status] Starting winkey process
[2022-05-08T02:22:50+0200][Process] "Information" - D:\Documents\Projets\tinky-winkey\winkey.exe
[2022-05-08T02:22:50+0200][Warning] AttachThreadInput failed on this process with code: 87
[2022-05-08T02:22:54+0200][Process] "Administrateur : Invite de commandes" - C:\Windows\System32\cmd.exe
[2022-05-08T02:22:54+0200][Warning] AttachThreadInput failed on this process with code: 87
[2022-05-08T02:22:54+0200][Process] "keylog.log - tinky-winkey - Visual Studio Code" - C:\Program Files\Microsoft VS Code\Code.exe
[2022-05-08T02:22:58+0200][Input] (RET.ARR)*216 " " (MAJ) "Salut les lapings :) !!!!!!!!!!!!!!!!!!!!!!!!!!!!" 
[2022-05-08T02:23:15+0200][Input] "!!!!!!!!" 
[2022-05-08T02:23:42+0200][Process] "Administrateur : Invite de commandes" - C:\Windows\System32\cmd.exe
[2022-05-08T02:23:42+0200][Warning] AttachThreadInput failed on this process with code: 87
[2022-05-08T02:23:45+0200][Process] "en.subject.pdf - Google Chrome" - C:\Program Files (x86)\Google\Chrome\Application\chrome.exe
[2022-05-08T02:23:48+0200][Input] "start process in a service windows cpp" (ENTREE) 
[2022-05-08T02:24:57+0200][Process] "Administrateur : Invite de commandes" - C:\Windows\System32\cmd.exe
[2022-05-08T02:24:57+0200][Warning] AttachThreadInput failed on this process with code: 87
[2022-05-08T02:25:06+0200][Process] "keylog.log - tinky-winkey - Visual Studio Code" - C:\Program Files\Microsoft VS Code\Code.exe
[2022-05-08T02:25:12+0200][Input] (ENTREE)*2 (MAJ) "Start" (MAJ) "Win	();" (CTRL) (S) (2 (PAVE NUM.)) (8 (PAVE NUM.)) (RET.ARR) 
[2022-05-08T02:25:19+0200][Input] (RET.ARR)*2 "am" (RET.ARR) "ke" (ENTREE) 
[2022-05-08T02:25:22+0200][Process] "Information" - D:\Documents\Projets\tinky-winkey\winkey.exe
[2022-05-08T02:25:22+0200][Warning] AttachThreadInput failed on this process with code: 87
[2022-05-08T02:25:23+0200][Status] Ending winkey process
[2022-05-08T02:26:08+0200][Status] Starting winkey process
[2022-05-08T02:26:08+0200][Process] "Information" - D:\Documents\Projets\tinky-winkey\winkey.exe
[2022-05-08T02:26:08+0200][Warning] AttachThreadInput failed on this process with code: 87
[2022-05-08T02:26:11+0200][Status] Ending winkey process
[2022-05-08T02:29:02+0200][Status] Starting winkey process
[2022-05-08T02:29:02+0200][Process] "Information" - D:\Documents\Projets\tinky-winkey\winkey.exe
[2022-05-08T02:29:02+0200][Warning] AttachThreadInput failed on this process with code: 87
[2022-05-08T02:29:02+0200][Status] Starting winkey process
[2022-05-08T02:29:02+0200][Process] "Information" - D:\Documents\Projets\tinky-winkey\winkey.exe
[2022-05-08T02:29:02+0200][Process] "Information" - D:\Documents\Projets\tinky-winkey\winkey.exe
[2022-05-08T02:29:02+0200][Warning] AttachThreadInput failed on this process with code: 87
[2022-05-08T02:59:25+0200][Process] "C:\WINDOWS\system32\sc.exe" - C:\Windows\System32\sc.exe
[2022-05-08T02:59:25+0200][Warning] AttachThreadInput failed on this process with code: 87
[2022-05-08T02:59:25+0200][Process] "C:\WINDOWS\system32\sc.exe" - C:\Windows\System32\sc.exe
[2022-05-08T02:59:25+0200][Warning] AttachThreadInput failed on this process with code: 87
[2022-05-08T03:41:24+0200][Process] "Wmi Provider Host" - C:\Windows\System32\wbem\WmiPrvSE.exe
[2022-05-08T03:41:24+0200][Process] "Wmi Provider Host" - C:\Windows\System32\wbem\WmiPrvSE.exe
[2022-05-08T03:58:56+0200][Process] "Information" - D:\Documents\Projets\tinky-winkey\winkey.exe
[2022-05-08T03:58:56+0200][Warning] AttachThreadInput failed on this process with code: 87
[2022-05-08T03:58:56+0200][Process] "Information" - D:\Documents\Projets\tinky-winkey\winkey.exe
[2022-05-08T04:19:59+0200][Process] "C:\WINDOWS\system32\compattelrunner.exe" - C:\Windows\System32\CompatTelRunner.exe
[2022-05-08T04:19:59+0200][Warning] AttachThreadInput failed on this process with code: 87
[2022-05-08T04:19:59+0200][Process] "C:\WINDOWS\system32\compattelrunner.exe" - C:\Windows\System32\CompatTelRunner.exe
[2022-05-08T04:19:59+0200][Warning] AttachThreadInput failed on this process with code: 87
[2022-05-08T22:48:48+0200][Status] Starting winkey process
[2022-05-08T22:48:48+0200][Status] Starting winkey process
[2022-05-08T22:48:48+0200][Process] "Information" - D:\Documents\Projets\tinky-winkey\winkey.exe
[2022-05-08T22:48:48+0200][Warning] AttachThreadInput failed on this process with code: 87
[2022-05-08T22:48:48+0200][Process] "Information" - D:\Documents\Projets\tinky-winkey\winkey.exe
[2022-05-08T22:48:48+0200][Process] "Information" - D:\Documents\Projets\tinky-winkey\winkey.exe
[2022-05-08T22:48:48+0200][Process] "Information" - D:\Documents\Projets\tinky-winkey\winkey.exe
[2022-05-08T22:48:48+0200][Warning] AttachThreadInput failed on this process with code: 87
[2022-05-08T22:48:48+0200][Process] "Information" - D:\Documents\Projets\tinky-winkey\winkey.exe
[2022-05-08T22:48:48+0200][Warning] AttachThreadInput failed on this process with code: 87
[2022-05-08T22:55:51+0200][Status] Starting winkey process
[2022-05-08T22:55:51+0200][Process] "Information" - D:\Documents\Projets\tinky-winkey\winkey.exe
[2022-05-08T22:55:51+0200][Process] "Information" - D:\Documents\Projets\tinky-winkey\winkey.exe
[2022-05-08T22:55:51+0200][Warning] AttachThreadInput failed on this process with code: 87
[2022-05-08T22:55:51+0200][Status] Starting winkey process
[2022-05-08T22:55:51+0200][Process] "Information" - D:\Documents\Projets\tinky-winkey\winkey.exe
[2022-05-08T22:55:51+0200][Process] "Information" - D:\Documents\Projets\tinky-winkey\winkey.exe
[2022-05-08T22:55:51+0200][Warning] AttachThreadInput failed on this process with code: 87
[2022-05-08T22:55:51+0200][Process] "Information" - D:\Documents\Projets\tinky-winkey\winkey.exe
[2022-05-08T22:56:13+0200][Process] "Information" - D:\Documents\Projets\tinky-winkey\winkey.exe
[2022-05-08T22:56:13+0200][Warning] AttachThreadInput failed on this process with code: 87
[2022-05-08T22:56:34+0200][Status] Starting winkey process
[2022-05-08T22:56:34+0200][Process] "Information" - D:\Documents\Projets\tinky-winkey\winkey.exe
[2022-05-08T22:56:34+0200][Process] "Information" - D:\Documents\Projets\tinky-winkey\winkey.exe
[2022-05-08T22:56:34+0200][Warning] AttachThreadInput failed on this process with code: 87
[2022-05-08T22:56:34+0200][Status] Starting winkey process
[2022-05-08T22:56:34+0200][Process] "Information" - D:\Documents\Projets\tinky-winkey\winkey.exe
[2022-05-08T22:56:34+0200][Process] "Information" - D:\Documents\Projets\tinky-winkey\winkey.exe
[2022-05-08T22:56:34+0200][Warning] AttachThreadInput failed on this process with code: 87
[2022-05-08T22:56:34+0200][Process] "Information" - D:\Documents\Projets\tinky-winkey\winkey.exe
[2022-05-08T22:56:50+0200][Process] "Information" - D:\Documents\Projets\tinky-winkey\winkey.exe
[2022-05-08T22:56:50+0200][Warning] AttachThreadInput failed on this process with code: 87
[2022-05-08T23:04:22+0200][Status] Starting winkey process
[2022-05-08T23:04:22+0200][Process] "Information" - D:\Documents\Projets\tinky-winkey\winkey.exe
[2022-05-08T23:04:22+0200][Process] "Information" - D:\Documents\Projets\tinky-winkey\winkey.exe
[2022-05-08T23:04:22+0200][Warning] AttachThreadInput failed on this process with code: 87
[2022-05-08T23:04:22+0200][Status] Starting winkey process
[2022-05-08T23:04:22+0200][Process] "Information" - D:\Documents\Projets\tinky-winkey\winkey.exe
[2022-05-08T23:04:22+0200][Process] "Information" - D:\Documents\Projets\tinky-winkey\winkey.exe
[2022-05-08T23:04:22+0200][Warning] AttachThreadInput failed on this process with code: 87
[2022-05-08T23:04:22+0200][Process] "Information" - D:\Documents\Projets\tinky-winkey\winkey.exe
[2022-05-08T23:24:34+0200][Process] "Information" - D:\Documents\Projets\tinky-winkey\winkey.exe
[2022-05-08T23:24:34+0200][Warning] AttachThreadInput failed on this process with code: 87
[2022-05-08T23:24:34+0200][Process] "Information" - D:\Documents\Projets\tinky-winkey\winkey.exe
[2022-05-08T23:24:46+0200][Status] Starting winkey process
[2022-05-08T23:24:46+0200][Status] Starting winkey process
[2022-05-08T23:24:46+0200][Process] "Information" - D:\Documents\Projets\tinky-winkey\winkey.exe
[2022-05-08T23:24:46+0200][Warning] AttachThreadInput failed on this process with code: 87
[2022-05-08T23:24:46+0200][Process] "Information" - D:\Documents\Projets\tinky-winkey\winkey.exe
[2022-05-08T23:24:46+0200][Process] "Information" - D:\Documents\Projets\tinky-winkey\winkey.exe
[2022-05-08T23:24:46+0200][Process] "Information" - D:\Documents\Projets\tinky-winkey\winkey.exe
[2022-05-08T23:24:46+0200][Warning] AttachThreadInput failed on this process with code: 87
[2022-05-08T23:24:46+0200][Process] "Information" - D:\Documents\Projets\tinky-winkey\winkey.exe
[2022-05-08T23:24:46+0200][Process] "Information" - D:\Documents\Projets\tinky-winkey\winkey.exe
[2022-05-08T23:24:46+0200][Warning] AttachThreadInput failed on this process with code: 87
[2022-05-08T23:24:46+0200][Process] "Information" - D:\Documents\Projets\tinky-winkey\winkey.exe
[2022-05-08T23:24:46+0200][Process] "Information" - D:\Documents\Projets\tinky-winkey\winkey.exe
[2022-05-08T23:24:46+0200][Warning] AttachThreadInput failed on this process with code: 87
[2022-05-08T23:24:48+0200][Process] "Information" - D:\Documents\Projets\tinky-winkey\winkey.exe
[2022-05-08T23:24:48+0200][Process] "Information" - D:\Documents\Projets\tinky-winkey\winkey.exe
[2022-05-08T23:24:48+0200][Warning] AttachThreadInput failed on this process with code: 87
[2022-05-08T23:24:53+0200][Process] "tinky.cpp - tinky-winkey - Visual Studio Code" - C:\Program Files\Microsoft VS Code\Code.exe
[2022-05-08T23:24:53+0200][Process] "tinky.cpp - tinky-winkey - Visual Studio Code" - C:\Program Files\Microsoft VS Code\Code.exe
[2022-05-08T23:24:57+0200][Process] "Information" - D:\Documents\Projets\tinky-winkey\winkey.exe
[2022-05-08T23:24:57+0200][Process] "Information" - D:\Documents\Projets\tinky-winkey\winkey.exe
[2022-05-08T23:24:57+0200][Warning] AttachThreadInput failed on this process with code: 87
[2022-05-08T23:24:57+0200][Process] "Information" - D:\Documents\Projets\tinky-winkey\winkey.exe
[2022-05-08T23:24:57+0200][Warning] AttachThreadInput failed on this process with code: 87
[2022-05-08T23:24:57+0200][Process] "Information" - D:\Documents\Projets\tinky-winkey\winkey.exe
[2022-05-08T23:25:01+0200][Process] "tinky.cpp - tinky-winkey - Visual Studio Code" - C:\Program Files\Microsoft VS Code\Code.exe
[2022-05-08T23:25:01+0200][Process] "tinky.cpp - tinky-winkey - Visual Studio Code" - C:\Program Files\Microsoft VS Code\Code.exe
[2022-05-08T23:25:05+0200][Input] (MAJ) "Salut les lap" 
[2022-05-08T23:25:09+0200][Process] "Information" - D:\Documents\Projets\tinky-winkey\winkey.exe
[2022-05-08T23:25:09+0200][Warning] AttachThreadInput failed on this process with code: 87
[2022-05-08T23:25:05+0200][Input] (MAJ) "Salut les lap" 
[2022-05-08T23:25:09+0200][Process] "Information" - D:\Documents\Projets\tinky-winkey\winkey.exe
[2022-05-08T23:25:10+0200][Process] "keylog.log - tinky-winkey - Visual Studio Code" - C:\Program Files\Microsoft VS Code\Code.exe
[2022-05-08T23:25:10+0200][Process] "keylog.log - tinky-winkey - Visual Studio Code" - C:\Program Files\Microsoft VS Code\Code.exe
[2022-05-08T23:25:15+0200][Process] "Information" - D:\Documents\Projets\tinky-winkey\winkey.exe
[2022-05-08T23:25:15+0200][Process] "Information" - D:\Documents\Projets\tinky-winkey\winkey.exe
[2022-05-08T23:25:15+0200][Warning] AttachThreadInput failed on this process with code: 87
[2022-05-08T23:25:16+0200][Status] Ending winkey process
[2022-05-08T23:25:16+0200][Process] "keylog.log - tinky-winkey - Visual Studio Code" - C:\Program Files\Microsoft VS Code\Code.exe
[2022-05-08T23:25:18+0200][Process] "Information" - D:\Documents\Projets\tinky-winkey\winkey.exe
[2022-05-08T23:25:18+0200][Warning] AttachThreadInput failed on this process with code: 87
[2022-05-08T23:25:19+0200][Status] Ending winkey process
[2022-05-08T23:26:37+0200][Status] Starting winkey process
[2022-05-08T23:26:37+0200][Process] "Information" - D:\Documents\Projets\tinky-winkey\winkey.exe
[2022-05-08T23:26:37+0200][Warning] AttachThreadInput failed on this process with code: 87
[2022-05-08T23:26:41+0200][Process] "Hôte de l’expérience Windows Shell" - C:\Windows\SystemApps\ShellExperienceHost_cw5n1h2txyewy\ShellExperienceHost.exe
[2022-05-08T23:26:41+0200][Warning] AttachThreadInput failed on this process with code: 5
[2022-05-08T23:26:43+0200][Process] C:\Windows\explorer.exe
[2022-05-08T23:26:44+0200][Process] "Paramètres" - C:\Windows\System32\ApplicationFrameHost.exe
[2022-05-08T23:26:44+0200][Warning] AttachThreadInput failed on this process with code: 5
[2022-05-08T23:26:46+0200][Process] "tinky.cpp - tinky-winkey - Visual Studio Code" - C:\Program Files\Microsoft VS Code\Code.exe
[2022-05-08T23:27:23+0200][Process] C:\Windows\explorer.exe
[2022-05-08T23:28:02+0200][Input] (UNKNOWN) "k" 
[2022-05-08T23:28:06+0200][Process] "Accueil" - C:\Windows\SystemApps\Microsoft.Windows.StartMenuExperienceHost_cw5n1h2txyewy\StartMenuExperienceHost.exe
[2022-05-08T23:28:06+0200][Warning] AttachThreadInput failed on this process with code: 5
[2022-05-08T23:28:06+0200][Process] "Recherche" - C:\Windows\SystemApps\MicrosoftWindows.Client.CBS_cw5n1h2txyewy\SearchHost.exe
[2022-05-08T23:28:06+0200][Warning] AttachThreadInput failed on this process with code: 5
[2022-05-08T23:28:06+0200][Process] C:\Windows\explorer.exe
[2022-05-08T23:28:06+0200][Process] "Gestionnaire des tâches" - C:\Windows\System32\Taskmgr.exe
[2022-05-08T23:28:07+0200][Process] C:\Windows\explorer.exe
[2022-05-08T23:28:07+0200][Process] "keylog.log - tinky-winkey - Visual Studio Code" - C:\Program Files\Microsoft VS Code\Code.exe
[2022-05-08T23:28:28+0200][Process] C:\Windows\explorer.exe
[2022-05-08T23:28:28+0200][Process] "Hôte de l’expérience Windows Shell" - C:\Windows\SystemApps\ShellExperienceHost_cw5n1h2txyewy\ShellExperienceHost.exe
[2022-05-08T23:28:28+0200][Warning] AttachThreadInput failed on this process with code: 5
[2022-05-08T23:28:30+0200][Process] "keylog.log - tinky-winkey - Visual Studio Code" - C:\Program Files\Microsoft VS Code\Code.exe
[2022-05-08T23:28:44+0200][Process] C:\Windows\explorer.exe
[2022-05-08T23:28:45+0200][Process] "Explorateur de fichiers" - C:\Windows\explorer.exe
[2022-05-08T23:28:49+0200][Input] (MAJ) "S" (MAJ) "alut laping" 
[2022-05-08T23:28:52+0200][Process] "keylog.log - tinky-winkey - Visual Studio Code" - C:\Program Files\Microsoft VS Code\Code.exe
[2022-05-08T23:28:58+0200][Process] "Explorateur de fichiers" - C:\Windows\explorer.exe
[2022-05-08T23:29:06+0200][Process] "windows - example code: A service calls CreateProcessAsUser() I want the process to run in the user's session, not session 0 - Stack Overflow - Google Chrome" - C:\Program Files (x86)\Google\Chrome\Application\chrome.exe
[2022-05-08T23:29:10+0200][Process] "keylog.log - tinky-winkey - Visual Studio Code" - C:\Program Files\Microsoft VS Code\Code.exe
[2022-05-08T23:29:23+0200][Process] "Gestionnaire des tâches" - C:\Windows\System32\Taskmgr.exe
[2022-05-08T23:29:45+0200][Process] "Propriétés de : winkey.exe" - C:\Windows\System32\Taskmgr.exe
[2022-05-08T23:29:58+0200][Process] C:\Windows\System32\Taskmgr.exe
[2022-05-08T23:29:58+0200][Process] "Gestionnaire des tâches" - C:\Windows\System32\Taskmgr.exe
[2022-05-08T23:30:09+0200][Process] "keylog.log - tinky-winkey - Visual Studio Code" - C:\Program Files\Microsoft VS Code\Code.exe
[2022-05-08T23:30:11+0200][Process] "Administrateur : Invite de commandes" - C:\Windows\System32\cmd.exe
[2022-05-08T23:30:11+0200][Warning] AttachThreadInput failed on this process with code: 87
[2022-05-09T02:26:14+0200][Process] "Information" - D:\Documents\Projets\tinky-winkey\winkey.exe
[2022-05-09T02:26:14+0200][Warning] AttachThreadInput failed on this process with code: 87
[2022-05-09T02:27:46+0200][Status] Starting winkey process
[2022-05-09T02:27:46+0200][Process] "Information" - D:\Documents\Projets\tinky-winkey\winkey.exe
[2022-05-09T02:27:46+0200][Warning] AttachThreadInput failed on this process with code: 87
[2022-05-09T02:27:48+0200][Mouse] Left click
[2022-05-09T02:27:55+0200][Process] "tinky.cpp - tinky-winkey - Visual Studio Code" - C:\Program Files\Microsoft VS Code\Code.exe
[2022-05-09T02:27:55+0200][Mouse] Left click
[2022-05-09T02:27:56+0200][Mouse] Left click
[2022-05-09T02:27:59+0200][Mouse] Left click
[2022-05-09T02:28:02+0200][Mouse] Left click
[2022-05-09T02:28:03+0200][Mouse] Left click
[2022-05-09T02:28:04+0200][Mouse] Left click
[2022-05-09T02:28:05+0200][Mouse] Left click
[2022-05-09T02:28:07+0200][Mouse] Right click
[2022-05-09T02:28:09+0200][Mouse] Left click
[2022-05-09T02:28:10+0200][Mouse] Left click
[2022-05-09T02:28:11+0200][Mouse] Left click
[2022-05-09T02:28:25+0200][Mouse] Left click
[2022-05-09T02:28:28+0200][Mouse] Left click
[2022-05-09T02:28:29+0200][Mouse] Left click
[2022-05-09T02:28:29+0200][Mouse] Left click
[2022-05-09T02:28:31+0200][Mouse] Right click
[2022-05-09T02:28:32+0200][Mouse] Left click
[2022-05-09T02:28:32+0200][Mouse] Left click
[2022-05-09T02:30:30+0200][Mouse] Left click
[2022-05-09T02:30:30+0200][Mouse] Left click
[2022-05-09T02:30:31+0200][Mouse] Left click
[2022-05-09T02:30:31+0200][Mouse] Left click
[2022-05-09T02:30:32+0200][Mouse] Left click
[2022-05-09T02:30:32+0200][Mouse] Left click
[2022-05-09T02:30:33+0200][Mouse] Left click
[2022-05-09T02:30:34+0200][Mouse] Left click
[2022-05-09T02:31:30+0200][Mouse] Left click
[2022-05-09T02:31:30+0200][Process] C:\Windows\explorer.exe
[2022-05-09T02:31:30+0200][Process] C:\Windows\explorer.exe
[2022-05-09T02:31:31+0200][Mouse] Left click
[2022-05-09T02:31:31+0200][Process] "Administrateur : Invite de commandes" - C:\Windows\System32\cmd.exe
[2022-05-09T02:31:31+0200][Warning] AttachThreadInput failed on this process with code: 87
[2022-05-09T02:31:32+0200][Process] "keylog.log - tinky-winkey - Visual Studio Code" - C:\Program Files\Microsoft VS Code\Code.exe
[2022-05-09T02:31:32+0200][Mouse] Left click
[2022-05-09T02:31:33+0200][Mouse] Left click
[2022-05-09T02:31:34+0200][Mouse] Left click
[2022-05-09T02:31:35+0200][Mouse] Left click
[2022-05-09T02:31:36+0200][Input] " " (MAJ) "LOLOL" 
[2022-05-09T02:31:38+0200][Mouse] Left click
[2022-05-09T02:31:38+0200][Mouse] Left click
[2022-05-09T02:33:40+0200][Mouse] Left click
[2022-05-09T02:33:40+0200][Process] "Invite de commandes" - C:\Windows\System32\cmd.exe
[2022-05-09T02:33:40+0200][Warning] AttachThreadInput failed on this process with code: 87
[2022-05-09T02:33:42+0200][Mouse] Left click
[2022-05-09T02:33:43+0200][Mouse] Left click
[2022-05-09T02:33:44+0200][Input] (MAJ) "couocuo" 
[2022-05-09T02:33:45+0200][Process] "keylog.log - tinky-winkey - Visual Studio Code" - C:\Program Files\Microsoft VS Code\Code.exe
[2022-05-09T02:33:45+0200][Mouse] Left click
[2022-05-09T02:33:47+0200][Mouse] Left click
[2022-05-09T02:33:50+0200][Mouse] Left click
[2022-05-09T02:33:51+0200][Mouse] Left click
[2022-05-09T02:39:09+0200][Mouse] Left click
[2022-05-09T02:39:09+0200][Process] C:\Windows\explorer.exe
[2022-05-09T02:39:09+0200][Process] C:\Windows\explorer.exe
[2022-05-09T02:39:10+0200][Mouse] Left click
[2022-05-09T02:39:10+0200][Process] "When handling mouse events using low level mouse events , slows down the mouse for several seconds - CodeProject - Google Chrome" - C:\Program Files (x86)\Google\Chrome\Application\chrome.exe
[2022-05-09T02:39:11+0200][Mouse] Left click
[2022-05-09T02:39:12+0200][Input] (MAJ) "Save screen windows" (ENTREE) 
[2022-05-09T02:39:17+0200][Mouse] Left click
[2022-05-09T02:39:19+0200][Mouse] Left click
[2022-05-09T02:39:21+0200][Mouse] Left click
[2022-05-09T02:39:21+0200][Input] (RET.ARR)*2 "cpp" (ENTREE) 
[2022-05-09T02:39:25+0200][Mouse] Left click
[2022-05-09T02:39:40+0200][Mouse] Left click
[2022-05-09T02:39:41+0200][Mouse] Left click
[2022-05-09T02:39:42+0200][Mouse] Left click
[2022-05-09T02:39:42+0200][Input] " 10" (ENTREE) 
[2022-05-09T02:39:46+0200][Mouse] Left click
[2022-05-09T02:39:52+0200][Mouse] Left click
[2022-05-09T02:39:57+0200][Mouse] Left click
[2022-05-09T02:40:19+0200][Mouse] Left click
[2022-05-09T02:40:19+0200][Mouse] Left click
[2022-05-09T02:40:19+0200][Mouse] Left click
[2022-05-09T02:40:20+0200][Mouse] Left click
[2022-05-09T02:41:46+0200][Mouse] Left click
[2022-05-09T02:41:47+0200][Mouse] Right click
[2022-05-09T02:41:47+0200][Mouse] Left click
[2022-05-09T02:41:49+0200][Process] "keylog.log - tinky-winkey - Visual Studio Code" - C:\Program Files\Microsoft VS Code\Code.exe
[2022-05-09T02:41:50+0200][Mouse] Left click
[2022-05-09T02:41:50+0200][Mouse] Left click
[2022-05-09T02:41:52+0200][Mouse] Left click
[2022-05-09T02:41:53+0200][Mouse] Left click
[2022-05-09T02:41:53+0200][Mouse] Left click
[2022-05-09T02:43:08+0200][Mouse] Left click
[2022-05-09T02:43:09+0200][Mouse] Left click
[2022-05-09T02:44:18+0200][Mouse] Left click
[2022-05-09T02:44:51+0200][Mouse] Left click
[2022-05-09T02:44:55+0200][Mouse] Left click
[2022-05-09T02:45:13+0200][Mouse] Left click
[2022-05-09T02:45:19+0200][Mouse] Left click
[2022-05-09T02:45:20+0200][Mouse] Left click
[2022-05-09T02:45:20+0200][Input] (ENTREE)*2 (CTRL) (V) (CTRL) (Z) "voi " (RET.ARR) "d " (MAJ) "Save" (MAJ) "Screenshot()" (ENTREE) (CTRL DROITE) 
[2022-05-09T02:45:34+0200][Input] (ALT) "{" (ENTREE) 
[2022-05-09T02:45:36+0200][Mouse] Left click
[2022-05-09T02:45:36+0200][Input] (RET.ARR)*4 (MAJ) "Tae" (RET.ARR) "ke" 
[2022-05-09T02:45:39+0200][Mouse] Left click
[2022-05-09T02:45:40+0200][Input] "	" (CTRL) (V) 
[2022-05-09T02:45:44+0200][Mouse] Left click
[2022-05-09T02:45:44+0200][Input] "	" 
[2022-05-09T02:45:46+0200][Mouse] Left click
[2022-05-09T02:45:51+0200][Mouse] Left click
[2022-05-09T02:45:53+0200][Mouse] Left click
[2022-05-09T02:46:00+0200][Mouse] Left click
[2022-05-09T02:46:01+0200][Input] (ENTREE)*2 "h" (MAJ) "Dest" (RET.ARR)*4 "b" (MAJ) "Desktop();" 
[2022-05-09T02:46:41+0200][Mouse] Left click
[2022-05-09T02:46:41+0200][Process] C:\Windows\explorer.exe
[2022-05-09T02:46:41+0200][Process] C:\Windows\explorer.exe
[2022-05-09T02:46:42+0200][Mouse] Left click
[2022-05-09T02:46:42+0200][Process] "c++ - Fastest method of screen capturing on Windows - Stack Overflow - Google Chrome" - C:\Program Files (x86)\Google\Chrome\Application\chrome.exe
[2022-05-09T02:46:44+0200][Mouse] Left click
[2022-05-09T02:46:45+0200][Input] (MAJ) "HBITMAP c++" (ENTREE) 
[2022-05-09T02:46:50+0200][Mouse] Left click
[2022-05-09T02:46:51+0200][Input] " save" (ENTREE) 
[2022-05-09T02:46:53+0200][Mouse] Left click
[2022-05-09T02:46:53+0200][Input] " to file" (ENTREE) 
[2022-05-09T02:46:55+0200][Mouse] Left click
[2022-05-09T02:47:38+0200][Mouse] Left click
[2022-05-09T02:47:39+0200][Mouse] Left click
[2022-05-09T02:48:12+0200][Mouse] Left click
[2022-05-09T02:48:14+0200][Mouse] Left click
[2022-05-09T02:48:14+0200][Process] C:\Windows\explorer.exe
[2022-05-09T02:48:14+0200][Process] C:\Windows\explorer.exe
[2022-05-09T02:48:15+0200][Mouse] Left click
[2022-05-09T02:48:15+0200][Process] "c - Save HBITMAP to *.bmp file using only Win32 - Stack Overflow - Google Chrome" - C:\Program Files (x86)\Google\Chrome\Application\chrome.exe
[2022-05-09T02:48:16+0200][Mouse] Left click
[2022-05-09T02:48:18+0200][Mouse] Left click
[2022-05-09T02:49:41+0200][Mouse] Left click
[2022-05-09T02:49:42+0200][Mouse] Right click
[2022-05-09T02:49:42+0200][Mouse] Left click
[2022-05-09T02:49:50+0200][Mouse] Left click
[2022-05-09T02:50:22+0200][Mouse] Left click
[2022-05-09T02:51:36+0200][Mouse] Left click
[2022-05-09T02:51:42+0200][Mouse] Left click
[2022-05-09T02:51:43+0200][Mouse] Left click
[2022-05-09T02:51:43+0200][Mouse] Left click
[2022-05-09T02:51:43+0200][Mouse] Left click
[2022-05-09T02:51:44+0200][Mouse] Left click
[2022-05-09T02:51:44+0200][Mouse] Left click
[2022-05-09T02:52:05+0200][Mouse] Left click
[2022-05-09T02:52:05+0200][Mouse] Left click
[2022-05-09T02:52:22+0200][Process] "● winkey.cpp - tinky-winkey - Visual Studio Code" - C:\Program Files\Microsoft VS Code\Code.exe
[2022-05-09T02:52:22+0200][Mouse] Left click
[2022-05-09T02:52:26+0200][Mouse] Left click
[2022-05-09T02:52:26+0200][Input] (RET.ARR)*3 (CTRL DROITE) (ALT) "[" (RET.ARR) "." (RET.ARR) 
[2022-05-09T02:52:38+0200][Mouse] Left click
[2022-05-09T02:52:38+0200][Input] "." (RET.ARR) 
[2022-05-09T02:52:42+0200][Mouse] Left click
[2022-05-09T02:52:42+0200][Process] C:\Windows\explorer.exe
[2022-05-09T02:52:42+0200][Process] C:\Windows\explorer.exe
[2022-05-09T02:52:43+0200][Mouse] Left click
[2022-05-09T02:52:43+0200][Process] "pinvoke.net: BitBlt (gdi32) - Google Chrome" - C:\Program Files (x86)\Google\Chrome\Application\chrome.exe
[2022-05-09T02:52:49+0200][Mouse] Left click
[2022-05-09T02:52:51+0200][Input] (MAJ) "Bit" (MAJ) "Blt save o fil" (RET.ARR)*5 "to file c++" (ENTREE) 
[2022-05-09T02:52:59+0200][Mouse] Left click
[2022-05-09T02:53:59+0200][Mouse] Left click
[2022-05-09T02:53:59+0200][Mouse] Left click
[2022-05-09T02:54:00+0200][Mouse] Left click
[2022-05-09T02:54:01+0200][Mouse] Right click
[2022-05-09T02:54:01+0200][Mouse] Left click
[2022-05-09T02:54:02+0200][Mouse] Left click
[2022-05-09T02:54:11+0200][Mouse] Left click
[2022-05-09T02:54:12+0200][Mouse] Right click
[2022-05-09T02:54:12+0200][Mouse] Left click
[2022-05-09T02:54:13+0200][Mouse] Left click
[2022-05-09T02:54:14+0200][Process] "● winkey.cpp - tinky-winkey - Visual Studio Code" - C:\Program Files\Microsoft VS Code\Code.exe
[2022-05-09T02:54:14+0200][Mouse] Left click
[2022-05-09T02:54:15+0200][Mouse] Left click
[2022-05-09T02:54:16+0200][Mouse] Left click
[2022-05-09T02:54:17+0200][Mouse] Left click
[2022-05-09T02:54:17+0200][Input] (ENTREE)*2 (CTRL) (V) 
[2022-05-09T02:54:25+0200][Mouse] Left click
[2022-05-09T02:54:27+0200][Mouse] Left click
[2022-05-09T02:54:27+0200][Process] C:\Windows\explorer.exe
[2022-05-09T02:54:27+0200][Process] C:\Windows\explorer.exe
[2022-05-09T02:54:29+0200][Mouse] Left click
[2022-05-09T02:54:29+0200][Process] "c++ - How to capture part of the screen and save it to a BMP? - Stack Overflow - Google Chrome" - C:\Program Files (x86)\Google\Chrome\Application\chrome.exe
[2022-05-09T02:54:31+0200][Mouse] Left click
[2022-05-09T02:54:31+0200][Mouse] Right click
[2022-05-09T02:54:32+0200][Mouse] Left click
[2022-05-09T02:54:32+0200][Process] "● winkey.cpp - tinky-winkey - Visual Studio Code" - C:\Program Files\Microsoft VS Code\Code.exe
[2022-05-09T02:54:32+0200][Mouse] Left click
[2022-05-09T02:54:35+0200][Mouse] Left click
[2022-05-09T02:54:36+0200][Input] (ENTREE) (CTRL) (V) (CTRL) (S) 
[2022-05-09T02:54:40+0200][Mouse] Left click
[2022-05-09T02:54:41+0200][Mouse] Left click
[2022-05-09T02:54:46+0200][Mouse] Left click
[2022-05-09T02:54:46+0200][Input] (4 (PAVE NUM.)) " " (4 (PAVE NUM.)) "save" (MAJ) "	(" (6 (PAVE NUM.)) (RET.ARR) """," 
[2022-05-09T02:54:57+0200][Mouse] Left click
[2022-05-09T02:54:58+0200][Input] ", " 
[2022-05-09T02:55:02+0200][Mouse] Left click
[2022-05-09T02:55:03+0200][Process] C:\Windows\explorer.exe
[2022-05-09T02:55:03+0200][Process] C:\Windows\explorer.exe
[2022-05-09T02:55:04+0200][Mouse] Left click
[2022-05-09T02:55:04+0200][Process] "c++ - How to capture part of the screen and save it to a BMP? - Stack Overflow - Google Chrome" - C:\Program Files (x86)\Google\Chrome\Application\chrome.exe
[2022-05-09T02:55:08+0200][Mouse] Left click
[2022-05-09T02:55:08+0200][Mouse] Left click
[2022-05-09T02:55:10+0200][Process] "● winkey.cpp - tinky-winkey - Visual Studio Code" - C:\Program Files\Microsoft VS Code\Code.exe
[2022-05-09T02:55:10+0200][Mouse] Left click
[2022-05-09T02:55:11+0200][Mouse] Left click
[2022-05-09T02:55:12+0200][Input] (MAJ) "NULL);" 
[2022-05-09T02:55:15+0200][Mouse] Left click
[2022-05-09T02:55:17+0200][Mouse] Left click
[2022-05-09T02:55:17+0200][Input] "./file.png" 
[2022-05-09T02:56:03+0200][Mouse] Left click
[2022-05-09T02:56:03+0200][Process] C:\Windows\explorer.exe
[2022-05-09T02:56:03+0200][Process] C:\Windows\explorer.exe
[2022-05-09T02:56:06+0200][Mouse] Left click
[2022-05-09T02:56:06+0200][Process] "c++ - How to capture part of the screen and save it to a BMP? - Stack Overflow - Google Chrome" - C:\Program Files (x86)\Google\Chrome\Application\chrome.exe
[2022-05-09T02:56:11+0200][Process] "● winkey.cpp - tinky-winkey - Visual Studio Code" - C:\Program Files\Microsoft VS Code\Code.exe
[2022-05-09T02:56:11+0200][Mouse] Left click
[2022-05-09T02:56:11+0200][Mouse] Left click
[2022-05-09T02:56:12+0200][Mouse] Left click
[2022-05-09T02:56:12+0200][Mouse] Left click
[2022-05-09T02:56:12+0200][Mouse] Left click
[2022-05-09T02:56:13+0200][Input] "bmp" (CTRL) (S) 
[2022-05-09T02:56:15+0200][Mouse] Left click
[2022-05-09T02:56:29+0200][Mouse] Left click
[2022-05-09T02:56:30+0200][Mouse] Left click
[2022-05-09T02:56:30+0200][Mouse] Left click
[2022-05-09T02:56:31+0200][Mouse] Left click
[2022-05-09T02:56:31+0200][Input] (ENTREE) (CTRL DROITE) (ALT) "{" (6 (PAVE NUM.)) (RET.ARR) 
[2022-05-09T02:56:33+0200][Mouse] Left click
[2022-05-09T02:56:33+0200][Input] (ENTREE) (RET.ARR) (CTRL DROITE) (ALT) "}" 
[2022-05-09T02:56:35+0200][Mouse] Left click
[2022-05-09T02:56:35+0200][Input] (ENTREE) 
[2022-05-09T02:56:36+0200][Mouse] Left click
[2022-05-09T02:56:37+0200][Input] "	" 
[2022-05-09T02:56:38+0200][Mouse] Left click
[2022-05-09T02:56:39+0200][Input] "		" (RET.ARR) (MAJ) "Take" (MAJ) "Sc	();" (CTRL) (S) 
[2022-05-09T02:56:45+0200][Mouse] Left click
[2022-05-09T02:56:45+0200][Input] (2 (PAVE NUM.)) (RET.ARR)*60 (ENTREE) 
[2022-05-09T02:56:51+0200][Mouse] Left click
[2022-05-09T02:56:51+0200][Process] C:\Windows\explorer.exe
[2022-05-09T02:56:51+0200][Process] C:\Windows\explorer.exe
[2022-05-09T02:56:54+0200][Mouse] Left click
[2022-05-09T02:56:54+0200][Process] "Administrateur : Invite de commandes" - C:\Windows\System32\cmd.exe
[2022-05-09T02:56:54+0200][Warning] AttachThreadInput failed on this process with code: 87
[2022-05-09T02:56:54+0200][Mouse] Left click
[2022-05-09T03:02:11+0200][Status] Starting winkey process
[2022-05-09T03:02:11+0200][Process] "Information" - D:\Documents\Projets\tinky-winkey\winkey.exe
[2022-05-09T03:02:11+0200][Warning] AttachThreadInput failed on this process with code: 87
[2022-05-09T03:02:12+0200][Mouse] Left click
[2022-05-09T03:02:13+0200][Mouse] Left click
[2022-05-09T03:02:23+0200][Process] "winkey.cpp - tinky-winkey - Visual Studio Code" - C:\Program Files\Microsoft VS Code\Code.exe
[2022-05-09T03:02:23+0200][Mouse] Left click
[2022-05-09T03:02:25+0200][Mouse] Left click
[2022-05-09T03:02:43+0200][Mouse] Left click
[2022-05-09T03:02:43+0200][Process] "Gestionnaire des tâches" - C:\Windows\System32\Taskmgr.exe
[2022-05-09T03:02:49+0200][Mouse] Left click
[2022-05-09T03:02:53+0200][Process] "winkey.cpp - tinky-winkey - Visual Studio Code" - C:\Program Files\Microsoft VS Code\Code.exe
[2022-05-09T03:02:53+0200][Mouse] Left click
[2022-05-09T03:02:53+0200][Mouse] Left click
[2022-05-09T03:02:57+0200][Input] (CTRL) (F) "bmp" (ENTREE)*14 
[2022-05-09T03:03:04+0200][Mouse] Left click
[2022-05-09T03:03:05+0200][Mouse] Left click
[2022-05-09T03:03:06+0200][Mouse] Left click
[2022-05-09T03:03:11+0200][Mouse] Left click
[2022-05-09T03:03:11+0200][Input] (CTRL) (C) 
[2022-05-09T03:03:13+0200][Mouse] Left click
[2022-05-09T03:03:17+0200][Mouse] Left click
[2022-05-09T03:03:18+0200][Input] (RET.ARR) (CTRL) (V) (6 (PAVE NUM.)) (RET.ARR) (CTRL) (S) 
[2022-05-09T03:03:21+0200][Mouse] Left click
[2022-05-09T03:03:23+0200][Mouse] Left click
[2022-05-09T03:03:23+0200][Process] C:\Windows\explorer.exe
[2022-05-09T03:03:23+0200][Process] C:\Windows\explorer.exe
[2022-05-09T03:03:25+0200][Mouse] Left click
[2022-05-09T03:03:25+0200][Process] "Sélection Administrateur : Invite de commandes" - C:\Windows\System32\cmd.exe
[2022-05-09T03:03:25+0200][Warning] AttachThreadInput failed on this process with code: 87
[2022-05-09T03:03:25+0200][Mouse] Left click
[2022-05-09T03:03:35+0200][Status] Starting winkey process
[2022-05-09T03:03:35+0200][Process] "Information" - D:\Documents\Projets\tinky-winkey\winkey.exe
[2022-05-09T03:03:35+0200][Warning] AttachThreadInput failed on this process with code: 87
[2022-05-09T03:03:36+0200][Process] "winkey.cpp - tinky-winkey - Visual Studio Code" - C:\Program Files\Microsoft VS Code\Code.exe
[2022-05-09T03:03:36+0200][Process] "winkey.cpp - tinky-winkey - Visual Studio Code" - C:\Program Files\Microsoft VS Code\Code.exe
[2022-05-09T03:03:37+0200][Mouse] Left click
[2022-05-09T03:03:39+0200][Mouse] Left click
[2022-05-09T03:03:41+0200][Mouse] Left click
[2022-05-09T03:03:43+0200][Mouse] Left click
[2022-05-09T03:03:44+0200][Mouse] Left click
[2022-05-09T03:03:48+0200][Mouse] Left click
[2022-05-09T03:03:49+0200][Mouse] Left click
[2022-05-09T03:03:49+0200][Mouse] Left click
[2022-05-09T03:03:49+0200][Mouse] Left click
[2022-05-09T03:03:49+0200][Mouse] Left click
[2022-05-09T03:03:50+0200][Mouse] Left click
[2022-05-09T03:03:50+0200][Mouse] Left click
[2022-05-09T03:03:50+0200][Mouse] Left click
[2022-05-09T03:03:50+0200][Mouse] Left click
[2022-05-09T03:03:50+0200][Mouse] Left click
[2022-05-09T03:03:51+0200][Mouse] Left click
[2022-05-09T03:03:51+0200][Mouse] Left click
[2022-05-09T03:03:51+0200][Mouse] Left click
[2022-05-09T03:03:51+0200][Mouse] Left click
[2022-05-09T03:03:51+0200][Mouse] Left click
[2022-05-09T03:03:51+0200][Mouse] Left click
[2022-05-09T03:03:52+0200][Mouse] Left click
[2022-05-09T03:03:52+0200][Mouse] Left click
[2022-05-09T03:03:52+0200][Mouse] Left click
[2022-05-09T03:03:52+0200][Mouse] Left click
[2022-05-09T03:03:52+0200][Mouse] Left click
[2022-05-09T03:03:53+0200][Mouse] Left click
[2022-05-09T03:03:53+0200][Mouse] Left click
[2022-05-09T03:03:53+0200][Mouse] Left click
[2022-05-09T03:03:54+0200][Mouse] Left click
[2022-05-09T03:03:55+0200][Mouse] Left click
[2022-05-09T03:03:55+0200][Mouse] Left click
[2022-05-09T03:03:56+0200][Mouse] Left click
[2022-05-09T03:03:56+0200][Mouse] Left click
[2022-05-09T03:03:57+0200][Mouse] Left click
[2022-05-09T03:03:58+0200][Mouse] Left click
[2022-05-09T03:03:59+0200][Mouse] Left click
[2022-05-09T03:04:00+0200][Mouse] Left click
[2022-05-09T03:04:01+0200][Mouse] Left click
[2022-05-09T03:04:02+0200][Mouse] Left click
[2022-05-09T03:04:02+0200][Mouse] Left click
[2022-05-09T03:04:02+0200][Mouse] Left click
[2022-05-09T03:04:03+0200][Mouse] Left click
[2022-05-09T03:04:03+0200][Mouse] Left click
[2022-05-09T03:04:11+0200][Mouse] Left click
[2022-05-09T03:04:11+0200][Mouse] Left click
[2022-05-09T03:04:15+0200][Mouse] Left click
[2022-05-09T03:04:20+0200][Mouse] Left click
[2022-05-09T03:04:21+0200][Input] (MAJ) "Salut les cochons :)" 
[2022-05-09T03:04:25+0200][Mouse] Left click
[2022-05-09T03:04:27+0200][Mouse] Left click
[2022-05-09T03:04:28+0200][Mouse] Left click
[2022-05-09T03:04:36+0200][Mouse] Right click
[2022-05-09T03:04:41+0200][Mouse] Left click
[2022-05-09T03:04:41+0200][Process] "Explorateur de fichiers" - C:\Windows\explorer.exe
[2022-05-09T03:04:48+0200][Mouse] Left click
[2022-05-09T03:04:56+0200][Mouse] Left click
[2022-05-09T03:04:56+0200][Process] "Scid - <clipbase> (game 0 / 0)" - C:\Users\alpin\Downloads\scid_windows_x64\scid_windows_x64\bin\scid.exe
[2022-05-09T03:04:57+0200][Mouse] Left click
[2022-05-09T03:04:57+0200][Process] "tinky-winkey" - C:\Windows\explorer.exe
[2022-05-09T03:05:00+0200][Mouse] Left click
[2022-05-09T03:05:00+0200][Process] "Information" - D:\Documents\Projets\tinky-winkey\winkey.exe
[2022-05-09T03:05:00+0200][Warning] AttachThreadInput failed on this process with code: 87
[2022-05-09T03:05:00+0200][Mouse] Left click
[2022-05-09T03:05:01+0200][Status] Ending winkey process
[2022-05-09T20:06:11+0200][Status] Starting winkey process
[2022-05-09T20:06:11+0200][Process] "Information" - D:\Documents\Projets\tinky-winkey\winkey.exe
[2022-05-09T20:06:11+0200][Warning] AttachThreadInput failed on this process with code: 87
[2022-05-09T20:06:18+0200][Process] "file.bmp - tinky-winkey - Visual Studio Code" - C:\Program Files\Microsoft VS Code\Code.exe
[2022-05-09T20:06:18+0200][Process] "file.bmp - tinky-winkey - Visual Studio Code" - C:\Program Files\Microsoft VS Code\Code.exe
[2022-05-09T20:06:18+0200][Mouse] Left click
[2022-05-09T20:06:23+0200][Mouse] Left click
[2022-05-09T20:06:23+0200][Mouse] Left click
[2022-05-09T20:06:24+0200][Mouse] Left click
[2022-05-09T20:06:26+0200][Mouse] Left click
[2022-05-09T20:06:27+0200][Mouse] Left click
[2022-05-09T20:06:27+0200][Mouse] Left click
[2022-05-09T20:06:28+0200][Mouse] Left click
[2022-05-09T20:06:28+0200][Mouse] Left click
[2022-05-09T20:06:28+0200][Mouse] Left click
[2022-05-09T20:06:29+0200][Mouse] Left click
[2022-05-09T20:06:34+0200][Mouse] Left click
[2022-05-09T20:06:37+0200][Mouse] Left click
[2022-05-09T20:06:51+0200][Mouse] Left click
[2022-05-09T20:07:18+0200][Mouse] Left click
[2022-05-09T20:07:24+0200][Mouse] Left click
[2022-05-09T20:07:28+0200][Mouse] Left click
[2022-05-09T20:07:41+0200][Mouse] Left click
[2022-05-09T20:07:44+0200][Mouse] Left click
[2022-05-09T20:09:29+0200][Mouse] Left click
[2022-05-09T20:09:50+0200][Mouse] Left click
[2022-05-09T20:09:56+0200][Mouse] Left click
[2022-05-09T20:12:15+0200][Mouse] Left click
[2022-05-09T20:12:15+0200][Process] "en.subject.pdf - Google Chrome" - C:\Program Files (x86)\Google\Chrome\Application\chrome.exe
[2022-05-09T20:12:18+0200][Process] "keylog.log - tinky-winkey - Visual Studio Code" - C:\Program Files\Microsoft VS Code\Code.exe
[2022-05-09T20:12:18+0200][Mouse] Left click
[2022-05-09T20:15:08+0200][Mouse] Left click
[2022-05-09T20:15:08+0200][Process] "en.subject.pdf - Google Chrome" - C:\Program Files (x86)\Google\Chrome\Application\chrome.exe
[2022-05-09T20:15:09+0200][Mouse] Left click
[2022-05-09T20:15:10+0200][Mouse] Left click
[2022-05-09T20:15:11+0200][Mouse] Left click
[2022-05-09T20:15:23+0200][Mouse] Left click
[2022-05-09T20:15:23+0200][Process] "keylog.log - tinky-winkey - Visual Studio Code" - C:\Program Files\Microsoft VS Code\Code.exe
[2022-05-09T20:15:43+0200][Mouse] Right click
[2022-05-09T20:15:45+0200][Mouse] Right click
[2022-05-09T20:15:45+0200][Mouse] Left click
[2022-05-09T20:15:47+0200][Mouse] Right click
[2022-05-09T20:15:48+0200][Mouse] Right click
[2022-05-09T20:15:50+0200][Mouse] Right click
[2022-05-09T20:15:50+0200][Mouse] Right click
[2022-05-09T20:15:54+0200][Mouse] Left click
[2022-05-09T20:16:06+0200][Mouse] Right click
[2022-05-09T20:16:08+0200][Mouse] Right click
[2022-05-09T20:16:11+0200][Mouse] Right click
[2022-05-09T20:16:19+0200][Mouse] Right click
[2022-05-09T20:16:22+0200][Mouse] Right click
[2022-05-09T20:16:23+0200][Mouse] Left click
[2022-05-09T20:16:25+0200][Mouse] Right click
[2022-05-09T20:16:26+0200][Mouse] Left click
[2022-05-09T20:16:28+0200][Mouse] Right click
[2022-05-09T20:16:29+0200][Mouse] Left click
[2022-05-09T20:16:48+0200][Mouse] Left click
[2022-05-09T20:16:51+0200][Mouse] Left click
[2022-05-09T20:16:52+0200][Input] (CTRL) (F) (MAJ) "Take" (MAJ) "Scre" (ENTREE) 
[2022-05-09T20:16:56+0200][Mouse] Left click
[2022-05-09T20:16:57+0200][Input] (RET.ARR) "g" (2 (PAVE NUM.)) "	" 
[2022-05-09T20:17:06+0200][Mouse] Left click
[2022-05-09T20:17:08+0200][Input] (MAJ) "CLICK" 
[2022-05-09T20:17:12+0200][Mouse] Left click
[2022-05-09T20:17:13+0200][Input] (MAJ) "LEFT " 
[2022-05-09T20:17:15+0200][Mouse] Left click
[2022-05-09T20:17:31+0200][Mouse] Left click
[2022-05-09T20:17:31+0200][Input] (RET.ARR) 
[2022-05-09T20:17:32+0200][Mouse] Left click
[2022-05-09T20:17:36+0200][Mouse] Left click
[2022-05-09T20:17:37+0200][Mouse] Left click
[2022-05-09T20:17:37+0200][Mouse] Left click
[2022-05-09T20:17:37+0200][Input] (CTRL) (C) 
[2022-05-09T20:17:39+0200][Mouse] Left click
[2022-05-09T20:17:39+0200][Mouse] Left click
[2022-05-09T20:17:40+0200][Input] (CTRL) (V) 
[2022-05-09T20:17:42+0200][Mouse] Left click
[2022-05-09T20:17:42+0200][Mouse] Left click
[2022-05-09T20:17:42+0200][Mouse] Left click
[2022-05-09T20:17:55+0200][Input] (RET.ARR)*7 (MAJ) "RIGHT" (MAJ) " " (MAJ) "CLICK" 
[2022-05-09T20:18:00+0200][Mouse] Left click
[2022-05-09T20:18:00+0200][Input] (RET.ARR)*2 
[2022-05-09T20:18:01+0200][Mouse] Left click
[2022-05-09T20:18:29+0200][Mouse] Left click
[2022-05-09T20:18:29+0200][Mouse] Left click
[2022-05-09T20:18:30+0200][Mouse] Left click
[2022-05-09T20:18:35+0200][Mouse] Left click
[2022-05-09T20:18:37+0200][Input] (MAJ) "Keyboard	::" (RET.ARR)*2 "(" 
[2022-05-09T20:18:44+0200][Mouse] Left click
[2022-05-09T20:18:45+0200][Mouse] Left click
[2022-05-09T20:18:45+0200][Input] ")" 
[2022-05-09T20:18:51+0200][Mouse] Left click
[2022-05-09T20:18:51+0200][Input] "::" (RET.ARR)*2 
[2022-05-09T20:18:59+0200][Mouse] Left click
[2022-05-09T20:19:02+0200][Mouse] Left click
[2022-05-09T20:19:03+0200][Mouse] Left click
[2022-05-09T20:19:04+0200][Input] ", " 
[2022-05-09T20:19:05+0200][Mouse] Left click
[2022-05-09T20:19:07+0200][Input] (MAJ) "Keyboa	::" (MAJ) "Type::	" 
[2022-05-09T20:19:13+0200][Mouse] Left click
[2022-05-09T20:19:16+0200][Mouse] Left click
[2022-05-09T20:19:16+0200][Input] (CTRL) (C) 
[2022-05-09T20:19:17+0200][Mouse] Left click
[2022-05-09T20:19:20+0200][Mouse] Left click
[2022-05-09T20:19:20+0200][Input] (CTRL) (V) 
[2022-05-09T20:19:23+0200][Mouse] Left click
[2022-05-09T20:19:23+0200][Mouse] Left click
[2022-05-09T20:19:24+0200][Input] (MAJ) "LEFT" (2 (PAVE NUM.))*4 (CTRL) (S) 
[2022-05-09T20:19:47+0200][Mouse] Left click
[2022-05-09T20:19:51+0200][Mouse] Left click
[2022-05-09T20:19:57+0200][Mouse] Left click
[2022-05-09T20:19:58+0200][Mouse] Left click
[2022-05-09T20:20:00+0200][Mouse] Left click
[2022-05-09T20:20:06+0200][Mouse] Left click
[2022-05-09T20:20:06+0200][Mouse] Left click
[2022-05-09T20:20:07+0200][Mouse] Left click
[2022-05-09T20:20:07+0200][Process] "Administrateur : Invite de commandes" - C:\Windows\System32\cmd.exe
[2022-05-09T20:20:08+0200][Mouse] Left click
[2022-05-09T21:16:17+0200][Status] Starting winkey process
[2022-05-09T21:16:17+0200][Process] "Information" - D:\Documents\Projets\tinky-winkey\winkey.exe
[2022-05-09T21:16:17+0200][Warning] AttachThreadInput failed on this process with code: 87
[2022-05-09T21:16:20+0200][Input] (LEFT CLICK) 
[2022-05-09T21:16:22+0200][Process] "winkey.cpp - tinky-winkey - Visual Studio Code" - C:\Program Files\Microsoft VS Code\Code.exe
[2022-05-09T21:16:22+0200][Input] (LEFT CLICK)*6 
[2022-05-09T21:17:01+0200][Process] "Information" - D:\Documents\Projets\tinky-winkey\winkey.exe
[2022-05-09T21:17:01+0200][Warning] AttachThreadInput failed on this process with code: 87
[2022-05-09T21:17:02+0200][Input] (LEFT CLICK) 
[2022-05-09T21:17:02+0200][Status] Ending winkey process
[2022-05-09T21:19:26+0200][Status] Starting winkey process
[2022-05-09T21:19:26+0200][Process] "Information" - D:\Documents\Projets\tinky-winkey\winkey.exe
[2022-05-09T21:19:26+0200][Warning] AttachThreadInput failed on this process with code: 87
[2022-05-09T21:19:28+0200][Process] "winkey.cpp - tinky-winkey - Visual Studio Code" - C:\Program Files\Microsoft VS Code\Code.exe
[2022-05-09T21:19:28+0200][Process] "winkey.cpp - tinky-winkey - Visual Studio Code" - C:\Program Files\Microsoft VS Code\Code.exe
[2022-05-09T21:19:28+0200][Input] (LEFT CLICK)*11 
[2022-05-09T21:20:12+0200][Process] "Information" - D:\Documents\Projets\tinky-winkey\winkey.exe
[2022-05-09T21:20:12+0200][Warning] AttachThreadInput failed on this process with code: 87
[2022-05-09T21:20:13+0200][Input] (LEFT CLICK) 
[2022-05-09T21:20:13+0200][Status] Ending winkey process
[2022-05-09T23:37:11+0200][Status] Starting winkey process
[2022-05-09T23:37:11+0200][Process] "Information" - D:\Documents\Projets\tinky-winkey\winkey.exe
[2022-05-09T23:37:11+0200][Warning] AttachThreadInput failed on this process with code: 87
[2022-05-09T23:37:14+0200][Input] (LEFT CLICK) 
[2022-05-09T23:37:14+0200][Process] "Récupération de l’identificateur de classe pour un encodeur - Win32 apps | Microsoft Docs - Google Chrome" - C:\Program Files (x86)\Google\Chrome\Application\chrome.exe
[2022-05-09T23:37:15+0200][Process] "Récupération de l’identificateur de classe pour un encodeur - Win32 apps | Microsoft Docs - Google Chrome" - C:\Program Files (x86)\Google\Chrome\Application\chrome.exe
[2022-05-09T23:37:15+0200][Input] (LEFT CLICK)*5 
[2022-05-09T23:37:20+0200][Process] "Information" - D:\Documents\Projets\tinky-winkey\winkey.exe
[2022-05-09T23:37:20+0200][Warning] AttachThreadInput failed on this process with code: 87
[2022-05-09T23:37:23+0200][Process] "winkey.cpp - tinky-winkey - Visual Studio Code" - C:\Program Files\Microsoft VS Code\Code.exe
[2022-05-09T23:37:23+0200][Input] (LEFT CLICK)*10 (RIGHT CLICK) (LEFT CLICK)*3 
[2022-05-09T23:38:10+0200][Process] "Information" - D:\Documents\Projets\tinky-winkey\winkey.exe
[2022-05-09T23:38:10+0200][Warning] AttachThreadInput failed on this process with code: 87
[2022-05-09T23:38:11+0200][Input] (LEFT CLICK) 
[2022-05-09T23:38:11+0200][Status] Ending winkey process
[2022-05-09T23:41:51+0200][Status] Starting winkey process
[2022-05-09T23:41:51+0200][Process] "Information" - D:\Documents\Projets\tinky-winkey\winkey.exe
[2022-05-09T23:41:51+0200][Warning] AttachThreadInput failed on this process with code: 87
[2022-05-09T23:41:53+0200][Process] "winkey.cpp - tinky-winkey - Visual Studio Code" - C:\Program Files\Microsoft VS Code\Code.exe
[2022-05-09T23:41:53+0200][Process] "winkey.cpp - tinky-winkey - Visual Studio Code" - C:\Program Files\Microsoft VS Code\Code.exe
[2022-05-09T23:41:53+0200][Input] (LEFT CLICK)*3 
[2022-05-09T23:41:59+0200][Process] "Information" - D:\Documents\Projets\tinky-winkey\winkey.exe
[2022-05-09T23:41:59+0200][Warning] AttachThreadInput failed on this process with code: 87
[2022-05-09T23:42:00+0200][Input] (LEFT CLICK) 
[2022-05-09T23:42:00+0200][Status] Ending winkey process
[2022-05-09T23:56:23+0200][Status] Starting winkey process
[2022-05-09T23:56:23+0200][Process] "Information" - D:\Documents\Projets\tinky-winkey\winkey.exe
[2022-05-09T23:56:23+0200][Warning] AttachThreadInput failed on this process with code: 87
[2022-05-09T23:56:25+0200][Process] "winkey.cpp - tinky-winkey - Visual Studio Code" - C:\Program Files\Microsoft VS Code\Code.exe
[2022-05-09T23:56:25+0200][Process] "winkey.cpp - tinky-winkey - Visual Studio Code" - C:\Program Files\Microsoft VS Code\Code.exe
[2022-05-09T23:56:25+0200][Input] (LEFT CLICK)*3 
[2022-05-09T23:56:34+0200][Process] "Information" - D:\Documents\Projets\tinky-winkey\winkey.exe
[2022-05-09T23:56:34+0200][Warning] AttachThreadInput failed on this process with code: 87
[2022-05-09T23:56:35+0200][Input] (LEFT CLICK) 
[2022-05-09T23:56:35+0200][Status] Ending winkey process
[2022-05-10T03:18:00+0200][Status] Starting winkey process
[2022-05-10T03:18:00+0200][Process] "Information" - D:\Documents\Projets\tinky-winkey\winkey.exe
[2022-05-10T03:18:00+0200][Warning] AttachThreadInput failed on this process with code: 87
[2022-05-10T03:18:05+0200][Process] "Gestionnaire des tâches" - C:\Windows\System32\Taskmgr.exe
[2022-05-10T03:18:05+0200][Process] "Gestionnaire des tâches" - C:\Windows\System32\Taskmgr.exe
[2022-05-10T03:18:05+0200][Input] (LEFT CLICK) 
[2022-05-10T03:18:13+0200][Process] "Administrateur : Invite de commandes" - C:\Windows\System32\cmd.exe
[2022-05-10T03:18:13+0200][Input] (LEFT CLICK) 
[2022-05-10T03:18:16+0200][Process] "Gestionnaire des tâches" - C:\Windows\System32\Taskmgr.exe
[2022-05-10T03:18:16+0200][Input] (LEFT CLICK)*8 (RIGHT CLICK) (LEFT CLICK) 
[2022-05-10T03:18:34+0200][Process] "Administrateur : Invite de commandes" - C:\Windows\System32\cmd.exe
[2022-05-10T03:18:34+0200][Input] (LEFT CLICK) (8 (PAVE NUM.)) (ENTREE) 
[2022-05-10T03:18:48+0200][Process] "Gestionnaire des tâches" - C:\Windows\System32\Taskmgr.exe
[2022-05-10T03:18:48+0200][Input] (LEFT CLICK) 
[2022-05-10T03:18:51+0200][Process] "Administrateur : Invite de commandes" - C:\Windows\System32\cmd.exe
[2022-05-10T04:11:24+0200][Status] Starting winkey process
[2022-05-10T04:11:24+0200][Process] "Information" - D:\Documents\Projets\tinky-winkey\winkey.exe
[2022-05-10T04:11:24+0200][Warning] AttachThreadInput failed on this process with code: 87
[2022-05-10T04:11:27+0200][Input] (LEFT CLICK)*2 
[2022-05-10T04:11:30+0200][Process] "winkey.cpp - tinky-winkey - Visual Studio Code" - C:\Program Files\Microsoft VS Code\Code.exe
[2022-05-10T04:11:30+0200][Process] "winkey.cpp - tinky-winkey - Visual Studio Code" - C:\Program Files\Microsoft VS Code\Code.exe
[2022-05-10T04:11:30+0200][Input] (LEFT CLICK)*15 
[2022-05-10T04:14:04+0200][Process] "Information" - D:\Documents\Projets\tinky-winkey\winkey.exe
[2022-05-10T04:14:04+0200][Warning] AttachThreadInput failed on this process with code: 87
[2022-05-10T04:14:06+0200][Input] (LEFT CLICK) 
[2022-05-10T04:14:06+0200][Status] Ending winkey process
[2022-05-10T19:43:06+0200][Status] Starting winkey process in directory D:\Documents\Projets\tinky-winkey
[2022-05-10T19:43:07+0200][Process] "Information" - D:\Documents\Projets\tinky-winkey\winkey.exe
[2022-05-10T19:43:07+0200][Warning] AttachThreadInput failed on this process with code: 87
[2022-05-10T19:43:30+0200][Process] "winkey.cpp - tinky-winkey - Visual Studio Code" - C:\Program Files\Microsoft VS Code\Code.exe
[2022-05-10T19:43:30+0200][Process] "winkey.cpp - tinky-winkey - Visual Studio Code" - C:\Program Files\Microsoft VS Code\Code.exe
[2022-05-10T19:43:31+0200][Input] (LEFT CLICK)*3 
[2022-05-10T19:45:00+0200][Process] "Information" - D:\Documents\Projets\tinky-winkey\winkey.exe
[2022-05-10T19:45:00+0200][Warning] AttachThreadInput failed on this process with code: 87
[2022-05-10T19:45:01+0200][Input] (LEFT CLICK) 
[2022-05-10T19:45:01+0200][Status] Ending winkey process
